<?xml version="1.0" encoding="UTF-8"?>
<!-- Generated by org.testng.reporters.JUnitReportReporter -->
<testsuite hostname="MrB" failures="0" tests="4" name="TestCases.CreateAnewTweetTest" time="22.501" errors="0" timestamp="2021-04-29T03:19:29 EDT" skipped="0">
  <testcase classname="TestCases.CreateAnewTweetTest" name="postNewTweet" time="5.849"/>
  <system-out/>
  <testcase classname="TestCases.CreateAnewTweetTest" name="postNewTweet" time="5.115"/>
  <system-out/>
  <testcase classname="TestCases.CreateAnewTweetTest" name="postNewTweet" time="4.875"/>
  <system-out/>
  <testcase classname="TestCases.CreateAnewTweetTest" name="postNewTweet" time="6.662"/>
  <system-out/>
</testsuite> <!-- TestCases.CreateAnewTweetTest -->
