<?xml version="1.0" encoding="UTF-8"?>
<!-- Generated by org.testng.reporters.JUnitReportReporter -->
<testsuite hostname="MrB" failures="0" tests="3" name="TestCases.LoginTest" time="17.265" errors="0" timestamp="2021-04-29T02:50:59 EDT" skipped="0">
  <testcase classname="TestCases.LoginTest" name="LoginTest" time="7.300"/>
  <system-out/>
  <testcase classname="TestCases.LoginTest" name="LoginTest" time="5.232"/>
  <system-out/>
  <testcase classname="TestCases.LoginTest" name="LoginTest" time="4.733"/>
  <system-out/>
</testsuite> <!-- TestCases.LoginTest -->
