<?xml version="1.0" encoding="UTF-8"?>
<!-- Generated by org.testng.reporters.JUnitReportReporter -->
<testsuite hostname="MrB" failures="0" tests="1" name="TestCases.SearchTwitterTest" time="10.645" errors="0" timestamp="2021-04-29T03:20:07 EDT" skipped="0">
  <testcase classname="TestCases.SearchTwitterTest" name="SearchTwitter" time="10.645"/>
  <system-out/>
</testsuite> <!-- TestCases.SearchTwitterTest -->
