<?xml version="1.0" encoding="UTF-8"?>
<!-- Generated by org.testng.reporters.JUnitReportReporter -->
<testsuite hostname="MrB" failures="0" tests="1" name="TestCases.SendAMessageTest" time="11.835" errors="0" timestamp="2021-04-24T02:13:58 EDT" skipped="0">
  <testcase classname="TestCases.SendAMessageTest" name="LoginPageTest" time="11.835"/>
  <system-out/>
</testsuite> <!-- TestCases.SendAMessageTest -->
