<?xml version="1.0" encoding="UTF-8"?>
<!-- Generated by org.testng.reporters.JUnitReportReporter -->
<testsuite hostname="MrB" failures="0" tests="3" name="TestCases.LoginTest$LoginTest2" time="2.060" errors="0" timestamp="2021-04-29T00:29:27 EDT" skipped="0">
  <testcase classname="TestCases.LoginTest$LoginTest2" name="LoginTest" time="0.787"/>
  <system-out/>
  <testcase classname="TestCases.LoginTest$LoginTest2" name="LoginTest" time="0.595"/>
  <system-out/>
  <testcase classname="TestCases.LoginTest$LoginTest2" name="LoginTest" time="0.678"/>
  <system-out/>
</testsuite> <!-- TestCases.LoginTest$LoginTest2 -->
