<?xml version="1.0" encoding="UTF-8"?>
<!-- Generated by org.testng.reporters.JUnitReportReporter -->
<testsuite hostname="MrB" failures="0" tests="1" name="TestCases.LoginTest" time="9.571" errors="0" timestamp="2021-04-24T02:13:58 EDT" skipped="0">
  <testcase classname="TestCases.LoginTest" name="LoginPageTest" time="9.571"/>
  <system-out/>
</testsuite> <!-- TestCases.LoginTest -->
