<?xml version="1.0" encoding="UTF-8"?>
<!-- Generated by org.testng.reporters.JUnitReportReporter -->
<testsuite hostname="MrB" failures="0" tests="1" name="TestCases.SearchTwitterTest" time="7.956" errors="0" timestamp="2021-04-24T02:13:58 EDT" skipped="0">
  <testcase classname="TestCases.SearchTwitterTest" name="searchTwitter" time="7.956"/>
  <system-out/>
</testsuite> <!-- TestCases.SearchTwitterTest -->
