<?xml version="1.0" encoding="UTF-8"?>
<!-- Generated by org.testng.reporters.JUnitReportReporter -->
<testsuite hostname="MrB" failures="0" tests="1" name="TestCases.UpdateProfileTest" time="0.000" errors="0" timestamp="2021-04-29T03:49:41 EDT" skipped="1">
  <testcase classname="TestCases.UpdateProfileTest" name="updateProfile" time="0.000">
    <skipped/>
  </testcase> <!-- updateProfile -->
  <system-out/>
</testsuite> <!-- TestCases.UpdateProfileTest -->
